c:\users\duane\downloads\windows-driver-samples-master\windows-driver-samples-master\hid\vhidmini2\driver\umdf2\x64\debug\vc140.pdb
c:\users\duane\downloads\windows-driver-samples-master\windows-driver-samples-master\hid\vhidmini2\driver\umdf2\x64\debug\util.obj
c:\users\duane\downloads\windows-driver-samples-master\windows-driver-samples-master\hid\vhidmini2\driver\umdf2\x64\debug\vhidmini.obj
c:\users\duane\downloads\windows-driver-samples-master\windows-driver-samples-master\hid\vhidmini2\driver\umdf2\x64\debug\vhidminium\wudf.cat
c:\users\duane\downloads\windows-driver-samples-master\windows-driver-samples-master\hid\vhidmini2\driver\umdf2\x64\debug\vhidminium.dll
c:\users\duane\downloads\windows-driver-samples-master\windows-driver-samples-master\hid\vhidmini2\driver\umdf2\x64\debug\vhidminium.pdb
c:\users\duane\downloads\windows-driver-samples-master\windows-driver-samples-master\hid\vhidmini2\driver\umdf2\x64\debug\vhidmini.res
c:\users\duane\downloads\windows-driver-samples-master\windows-driver-samples-master\hid\vhidmini2\driver\umdf2\x64\debug\vhidminium.inf
c:\users\duane\downloads\windows-driver-samples-master\windows-driver-samples-master\hid\vhidmini2\driver\umdf2\x64\debug\vhidminium.lib
c:\users\duane\downloads\windows-driver-samples-master\windows-driver-samples-master\hid\vhidmini2\driver\umdf2\x64\debug\vhidminium.exp
c:\users\duane\downloads\windows-driver-samples-master\windows-driver-samples-master\hid\vhidmini2\driver\umdf2\x64\debug\vhidminium.tlog\cl.command.1.tlog
c:\users\duane\downloads\windows-driver-samples-master\windows-driver-samples-master\hid\vhidmini2\driver\umdf2\x64\debug\vhidminium.tlog\cl.read.1.tlog
c:\users\duane\downloads\windows-driver-samples-master\windows-driver-samples-master\hid\vhidmini2\driver\umdf2\x64\debug\vhidminium.tlog\cl.write.1.tlog
c:\users\duane\downloads\windows-driver-samples-master\windows-driver-samples-master\hid\vhidmini2\driver\umdf2\x64\debug\vhidminium.tlog\inf2cat-expand.10028.read.1.tlog
c:\users\duane\downloads\windows-driver-samples-master\windows-driver-samples-master\hid\vhidmini2\driver\umdf2\x64\debug\vhidminium.tlog\inf2cat-expand.10028.write.1.tlog
c:\users\duane\downloads\windows-driver-samples-master\windows-driver-samples-master\hid\vhidmini2\driver\umdf2\x64\debug\vhidminium.tlog\inf2cat-expand.10044.read.1.tlog
c:\users\duane\downloads\windows-driver-samples-master\windows-driver-samples-master\hid\vhidmini2\driver\umdf2\x64\debug\vhidminium.tlog\inf2cat-expand.10044.write.1.tlog
c:\users\duane\downloads\windows-driver-samples-master\windows-driver-samples-master\hid\vhidmini2\driver\umdf2\x64\debug\vhidminium.tlog\inf2cat-expand.10068.read.1.tlog
c:\users\duane\downloads\windows-driver-samples-master\windows-driver-samples-master\hid\vhidmini2\driver\umdf2\x64\debug\vhidminium.tlog\inf2cat-expand.10068.write.1.tlog
c:\users\duane\downloads\windows-driver-samples-master\windows-driver-samples-master\hid\vhidmini2\driver\umdf2\x64\debug\vhidminium.tlog\inf2cat-expand.10084.read.1.tlog
c:\users\duane\downloads\windows-driver-samples-master\windows-driver-samples-master\hid\vhidmini2\driver\umdf2\x64\debug\vhidminium.tlog\inf2cat-expand.10084.write.1.tlog
c:\users\duane\downloads\windows-driver-samples-master\windows-driver-samples-master\hid\vhidmini2\driver\umdf2\x64\debug\vhidminium.tlog\inf2cat-expand.10116.read.1.tlog
c:\users\duane\downloads\windows-driver-samples-master\windows-driver-samples-master\hid\vhidmini2\driver\umdf2\x64\debug\vhidminium.tlog\inf2cat-expand.10116.write.1.tlog
c:\users\duane\downloads\windows-driver-samples-master\windows-driver-samples-master\hid\vhidmini2\driver\umdf2\x64\debug\vhidminium.tlog\inf2cat-expand.10204.read.1.tlog
c:\users\duane\downloads\windows-driver-samples-master\windows-driver-samples-master\hid\vhidmini2\driver\umdf2\x64\debug\vhidminium.tlog\inf2cat-expand.10204.write.1.tlog
c:\users\duane\downloads\windows-driver-samples-master\windows-driver-samples-master\hid\vhidmini2\driver\umdf2\x64\debug\vhidminium.tlog\inf2cat-expand.10248.read.1.tlog
c:\users\duane\downloads\windows-driver-samples-master\windows-driver-samples-master\hid\vhidmini2\driver\umdf2\x64\debug\vhidminium.tlog\inf2cat-expand.10248.write.1.tlog
c:\users\duane\downloads\windows-driver-samples-master\windows-driver-samples-master\hid\vhidmini2\driver\umdf2\x64\debug\vhidminium.tlog\inf2cat-expand.10284.read.1.tlog
c:\users\duane\downloads\windows-driver-samples-master\windows-driver-samples-master\hid\vhidmini2\driver\umdf2\x64\debug\vhidminium.tlog\inf2cat-expand.10284.write.1.tlog
c:\users\duane\downloads\windows-driver-samples-master\windows-driver-samples-master\hid\vhidmini2\driver\umdf2\x64\debug\vhidminium.tlog\inf2cat-expand.10340.read.1.tlog
c:\users\duane\downloads\windows-driver-samples-master\windows-driver-samples-master\hid\vhidmini2\driver\umdf2\x64\debug\vhidminium.tlog\inf2cat-expand.10340.write.1.tlog
c:\users\duane\downloads\windows-driver-samples-master\windows-driver-samples-master\hid\vhidmini2\driver\umdf2\x64\debug\vhidminium.tlog\inf2cat-expand.10356.read.1.tlog
c:\users\duane\downloads\windows-driver-samples-master\windows-driver-samples-master\hid\vhidmini2\driver\umdf2\x64\debug\vhidminium.tlog\inf2cat-expand.10356.write.1.tlog
c:\users\duane\downloads\windows-driver-samples-master\windows-driver-samples-master\hid\vhidmini2\driver\umdf2\x64\debug\vhidminium.tlog\inf2cat-expand.10368.read.1.tlog
c:\users\duane\downloads\windows-driver-samples-master\windows-driver-samples-master\hid\vhidmini2\driver\umdf2\x64\debug\vhidminium.tlog\inf2cat-expand.10368.write.1.tlog
c:\users\duane\downloads\windows-driver-samples-master\windows-driver-samples-master\hid\vhidmini2\driver\umdf2\x64\debug\vhidminium.tlog\inf2cat-expand.10440.read.1.tlog
c:\users\duane\downloads\windows-driver-samples-master\windows-driver-samples-master\hid\vhidmini2\driver\umdf2\x64\debug\vhidminium.tlog\inf2cat-expand.10440.write.1.tlog
c:\users\duane\downloads\windows-driver-samples-master\windows-driver-samples-master\hid\vhidmini2\driver\umdf2\x64\debug\vhidminium.tlog\inf2cat-expand.10556.read.1.tlog
c:\users\duane\downloads\windows-driver-samples-master\windows-driver-samples-master\hid\vhidmini2\driver\umdf2\x64\debug\vhidminium.tlog\inf2cat-expand.10556.write.1.tlog
c:\users\duane\downloads\windows-driver-samples-master\windows-driver-samples-master\hid\vhidmini2\driver\umdf2\x64\debug\vhidminium.tlog\inf2cat-expand.10612.read.1.tlog
c:\users\duane\downloads\windows-driver-samples-master\windows-driver-samples-master\hid\vhidmini2\driver\umdf2\x64\debug\vhidminium.tlog\inf2cat-expand.10612.write.1.tlog
c:\users\duane\downloads\windows-driver-samples-master\windows-driver-samples-master\hid\vhidmini2\driver\umdf2\x64\debug\vhidminium.tlog\inf2cat-expand.10620.read.1.tlog
c:\users\duane\downloads\windows-driver-samples-master\windows-driver-samples-master\hid\vhidmini2\driver\umdf2\x64\debug\vhidminium.tlog\inf2cat-expand.10620.write.1.tlog
c:\users\duane\downloads\windows-driver-samples-master\windows-driver-samples-master\hid\vhidmini2\driver\umdf2\x64\debug\vhidminium.tlog\inf2cat-expand.10644.read.1.tlog
c:\users\duane\downloads\windows-driver-samples-master\windows-driver-samples-master\hid\vhidmini2\driver\umdf2\x64\debug\vhidminium.tlog\inf2cat-expand.10644.write.1.tlog
c:\users\duane\downloads\windows-driver-samples-master\windows-driver-samples-master\hid\vhidmini2\driver\umdf2\x64\debug\vhidminium.tlog\inf2cat-expand.10776.read.1.tlog
c:\users\duane\downloads\windows-driver-samples-master\windows-driver-samples-master\hid\vhidmini2\driver\umdf2\x64\debug\vhidminium.tlog\inf2cat-expand.10776.write.1.tlog
c:\users\duane\downloads\windows-driver-samples-master\windows-driver-samples-master\hid\vhidmini2\driver\umdf2\x64\debug\vhidminium.tlog\inf2cat-expand.10808.read.1.tlog
c:\users\duane\downloads\windows-driver-samples-master\windows-driver-samples-master\hid\vhidmini2\driver\umdf2\x64\debug\vhidminium.tlog\inf2cat-expand.10808.write.1.tlog
c:\users\duane\downloads\windows-driver-samples-master\windows-driver-samples-master\hid\vhidmini2\driver\umdf2\x64\debug\vhidminium.tlog\inf2cat-expand.11148.read.1.tlog
c:\users\duane\downloads\windows-driver-samples-master\windows-driver-samples-master\hid\vhidmini2\driver\umdf2\x64\debug\vhidminium.tlog\inf2cat-expand.11148.write.1.tlog
c:\users\duane\downloads\windows-driver-samples-master\windows-driver-samples-master\hid\vhidmini2\driver\umdf2\x64\debug\vhidminium.tlog\inf2cat-expand.11164.read.1.tlog
c:\users\duane\downloads\windows-driver-samples-master\windows-driver-samples-master\hid\vhidmini2\driver\umdf2\x64\debug\vhidminium.tlog\inf2cat-expand.11164.write.1.tlog
c:\users\duane\downloads\windows-driver-samples-master\windows-driver-samples-master\hid\vhidmini2\driver\umdf2\x64\debug\vhidminium.tlog\inf2cat-expand.11204.read.1.tlog
c:\users\duane\downloads\windows-driver-samples-master\windows-driver-samples-master\hid\vhidmini2\driver\umdf2\x64\debug\vhidminium.tlog\inf2cat-expand.11204.write.1.tlog
c:\users\duane\downloads\windows-driver-samples-master\windows-driver-samples-master\hid\vhidmini2\driver\umdf2\x64\debug\vhidminium.tlog\inf2cat-expand.11228.read.1.tlog
c:\users\duane\downloads\windows-driver-samples-master\windows-driver-samples-master\hid\vhidmini2\driver\umdf2\x64\debug\vhidminium.tlog\inf2cat-expand.11228.write.1.tlog
c:\users\duane\downloads\windows-driver-samples-master\windows-driver-samples-master\hid\vhidmini2\driver\umdf2\x64\debug\vhidminium.tlog\inf2cat-expand.11440.read.1.tlog
c:\users\duane\downloads\windows-driver-samples-master\windows-driver-samples-master\hid\vhidmini2\driver\umdf2\x64\debug\vhidminium.tlog\inf2cat-expand.11440.write.1.tlog
c:\users\duane\downloads\windows-driver-samples-master\windows-driver-samples-master\hid\vhidmini2\driver\umdf2\x64\debug\vhidminium.tlog\inf2cat-expand.11508.read.1.tlog
c:\users\duane\downloads\windows-driver-samples-master\windows-driver-samples-master\hid\vhidmini2\driver\umdf2\x64\debug\vhidminium.tlog\inf2cat-expand.11508.write.1.tlog
c:\users\duane\downloads\windows-driver-samples-master\windows-driver-samples-master\hid\vhidmini2\driver\umdf2\x64\debug\vhidminium.tlog\inf2cat-expand.11512.read.1.tlog
c:\users\duane\downloads\windows-driver-samples-master\windows-driver-samples-master\hid\vhidmini2\driver\umdf2\x64\debug\vhidminium.tlog\inf2cat-expand.11512.write.1.tlog
c:\users\duane\downloads\windows-driver-samples-master\windows-driver-samples-master\hid\vhidmini2\driver\umdf2\x64\debug\vhidminium.tlog\inf2cat-expand.11680.read.1.tlog
c:\users\duane\downloads\windows-driver-samples-master\windows-driver-samples-master\hid\vhidmini2\driver\umdf2\x64\debug\vhidminium.tlog\inf2cat-expand.11680.write.1.tlog
c:\users\duane\downloads\windows-driver-samples-master\windows-driver-samples-master\hid\vhidmini2\driver\umdf2\x64\debug\vhidminium.tlog\inf2cat-expand.11724.read.1.tlog
c:\users\duane\downloads\windows-driver-samples-master\windows-driver-samples-master\hid\vhidmini2\driver\umdf2\x64\debug\vhidminium.tlog\inf2cat-expand.11724.write.1.tlog
c:\users\duane\downloads\windows-driver-samples-master\windows-driver-samples-master\hid\vhidmini2\driver\umdf2\x64\debug\vhidminium.tlog\inf2cat-expand.11732.read.1.tlog
c:\users\duane\downloads\windows-driver-samples-master\windows-driver-samples-master\hid\vhidmini2\driver\umdf2\x64\debug\vhidminium.tlog\inf2cat-expand.11732.write.1.tlog
c:\users\duane\downloads\windows-driver-samples-master\windows-driver-samples-master\hid\vhidmini2\driver\umdf2\x64\debug\vhidminium.tlog\inf2cat-expand.11920.read.1.tlog
c:\users\duane\downloads\windows-driver-samples-master\windows-driver-samples-master\hid\vhidmini2\driver\umdf2\x64\debug\vhidminium.tlog\inf2cat-expand.11920.write.1.tlog
c:\users\duane\downloads\windows-driver-samples-master\windows-driver-samples-master\hid\vhidmini2\driver\umdf2\x64\debug\vhidminium.tlog\inf2cat-expand.12024.read.1.tlog
c:\users\duane\downloads\windows-driver-samples-master\windows-driver-samples-master\hid\vhidmini2\driver\umdf2\x64\debug\vhidminium.tlog\inf2cat-expand.12024.write.1.tlog
c:\users\duane\downloads\windows-driver-samples-master\windows-driver-samples-master\hid\vhidmini2\driver\umdf2\x64\debug\vhidminium.tlog\inf2cat-expand.12132.read.1.tlog
c:\users\duane\downloads\windows-driver-samples-master\windows-driver-samples-master\hid\vhidmini2\driver\umdf2\x64\debug\vhidminium.tlog\inf2cat-expand.12132.write.1.tlog
c:\users\duane\downloads\windows-driver-samples-master\windows-driver-samples-master\hid\vhidmini2\driver\umdf2\x64\debug\vhidminium.tlog\inf2cat-expand.12320.read.1.tlog
c:\users\duane\downloads\windows-driver-samples-master\windows-driver-samples-master\hid\vhidmini2\driver\umdf2\x64\debug\vhidminium.tlog\inf2cat-expand.12320.write.1.tlog
c:\users\duane\downloads\windows-driver-samples-master\windows-driver-samples-master\hid\vhidmini2\driver\umdf2\x64\debug\vhidminium.tlog\inf2cat-expand.12468.read.1.tlog
c:\users\duane\downloads\windows-driver-samples-master\windows-driver-samples-master\hid\vhidmini2\driver\umdf2\x64\debug\vhidminium.tlog\inf2cat-expand.12468.write.1.tlog
c:\users\duane\downloads\windows-driver-samples-master\windows-driver-samples-master\hid\vhidmini2\driver\umdf2\x64\debug\vhidminium.tlog\inf2cat-expand.12508.read.1.tlog
c:\users\duane\downloads\windows-driver-samples-master\windows-driver-samples-master\hid\vhidmini2\driver\umdf2\x64\debug\vhidminium.tlog\inf2cat-expand.12508.write.1.tlog
c:\users\duane\downloads\windows-driver-samples-master\windows-driver-samples-master\hid\vhidmini2\driver\umdf2\x64\debug\vhidminium.tlog\inf2cat-expand.12712.read.1.tlog
c:\users\duane\downloads\windows-driver-samples-master\windows-driver-samples-master\hid\vhidmini2\driver\umdf2\x64\debug\vhidminium.tlog\inf2cat-expand.12712.write.1.tlog
c:\users\duane\downloads\windows-driver-samples-master\windows-driver-samples-master\hid\vhidmini2\driver\umdf2\x64\debug\vhidminium.tlog\inf2cat-expand.12872.read.1.tlog
c:\users\duane\downloads\windows-driver-samples-master\windows-driver-samples-master\hid\vhidmini2\driver\umdf2\x64\debug\vhidminium.tlog\inf2cat-expand.12872.write.1.tlog
c:\users\duane\downloads\windows-driver-samples-master\windows-driver-samples-master\hid\vhidmini2\driver\umdf2\x64\debug\vhidminium.tlog\inf2cat-expand.13088.read.1.tlog
c:\users\duane\downloads\windows-driver-samples-master\windows-driver-samples-master\hid\vhidmini2\driver\umdf2\x64\debug\vhidminium.tlog\inf2cat-expand.13088.write.1.tlog
c:\users\duane\downloads\windows-driver-samples-master\windows-driver-samples-master\hid\vhidmini2\driver\umdf2\x64\debug\vhidminium.tlog\inf2cat-expand.13148.read.1.tlog
c:\users\duane\downloads\windows-driver-samples-master\windows-driver-samples-master\hid\vhidmini2\driver\umdf2\x64\debug\vhidminium.tlog\inf2cat-expand.13148.write.1.tlog
c:\users\duane\downloads\windows-driver-samples-master\windows-driver-samples-master\hid\vhidmini2\driver\umdf2\x64\debug\vhidminium.tlog\inf2cat-expand.13252.read.1.tlog
c:\users\duane\downloads\windows-driver-samples-master\windows-driver-samples-master\hid\vhidmini2\driver\umdf2\x64\debug\vhidminium.tlog\inf2cat-expand.13252.write.1.tlog
c:\users\duane\downloads\windows-driver-samples-master\windows-driver-samples-master\hid\vhidmini2\driver\umdf2\x64\debug\vhidminium.tlog\inf2cat-expand.13544.read.1.tlog
c:\users\duane\downloads\windows-driver-samples-master\windows-driver-samples-master\hid\vhidmini2\driver\umdf2\x64\debug\vhidminium.tlog\inf2cat-expand.13544.write.1.tlog
c:\users\duane\downloads\windows-driver-samples-master\windows-driver-samples-master\hid\vhidmini2\driver\umdf2\x64\debug\vhidminium.tlog\inf2cat-expand.13756.read.1.tlog
c:\users\duane\downloads\windows-driver-samples-master\windows-driver-samples-master\hid\vhidmini2\driver\umdf2\x64\debug\vhidminium.tlog\inf2cat-expand.13756.write.1.tlog
c:\users\duane\downloads\windows-driver-samples-master\windows-driver-samples-master\hid\vhidmini2\driver\umdf2\x64\debug\vhidminium.tlog\inf2cat-expand.13768.read.1.tlog
c:\users\duane\downloads\windows-driver-samples-master\windows-driver-samples-master\hid\vhidmini2\driver\umdf2\x64\debug\vhidminium.tlog\inf2cat-expand.13768.write.1.tlog
c:\users\duane\downloads\windows-driver-samples-master\windows-driver-samples-master\hid\vhidmini2\driver\umdf2\x64\debug\vhidminium.tlog\inf2cat-expand.1392.read.1.tlog
c:\users\duane\downloads\windows-driver-samples-master\windows-driver-samples-master\hid\vhidmini2\driver\umdf2\x64\debug\vhidminium.tlog\inf2cat-expand.1392.write.1.tlog
c:\users\duane\downloads\windows-driver-samples-master\windows-driver-samples-master\hid\vhidmini2\driver\umdf2\x64\debug\vhidminium.tlog\inf2cat-expand.13984.read.1.tlog
c:\users\duane\downloads\windows-driver-samples-master\windows-driver-samples-master\hid\vhidmini2\driver\umdf2\x64\debug\vhidminium.tlog\inf2cat-expand.13984.write.1.tlog
c:\users\duane\downloads\windows-driver-samples-master\windows-driver-samples-master\hid\vhidmini2\driver\umdf2\x64\debug\vhidminium.tlog\inf2cat-expand.14052.read.1.tlog
c:\users\duane\downloads\windows-driver-samples-master\windows-driver-samples-master\hid\vhidmini2\driver\umdf2\x64\debug\vhidminium.tlog\inf2cat-expand.14052.write.1.tlog
c:\users\duane\downloads\windows-driver-samples-master\windows-driver-samples-master\hid\vhidmini2\driver\umdf2\x64\debug\vhidminium.tlog\inf2cat-expand.14312.read.1.tlog
c:\users\duane\downloads\windows-driver-samples-master\windows-driver-samples-master\hid\vhidmini2\driver\umdf2\x64\debug\vhidminium.tlog\inf2cat-expand.14312.write.1.tlog
c:\users\duane\downloads\windows-driver-samples-master\windows-driver-samples-master\hid\vhidmini2\driver\umdf2\x64\debug\vhidminium.tlog\inf2cat-expand.14608.read.1.tlog
c:\users\duane\downloads\windows-driver-samples-master\windows-driver-samples-master\hid\vhidmini2\driver\umdf2\x64\debug\vhidminium.tlog\inf2cat-expand.14608.write.1.tlog
c:\users\duane\downloads\windows-driver-samples-master\windows-driver-samples-master\hid\vhidmini2\driver\umdf2\x64\debug\vhidminium.tlog\inf2cat-expand.1468.read.1.tlog
c:\users\duane\downloads\windows-driver-samples-master\windows-driver-samples-master\hid\vhidmini2\driver\umdf2\x64\debug\vhidminium.tlog\inf2cat-expand.1468.write.1.tlog
c:\users\duane\downloads\windows-driver-samples-master\windows-driver-samples-master\hid\vhidmini2\driver\umdf2\x64\debug\vhidminium.tlog\inf2cat-expand.14712.read.1.tlog
c:\users\duane\downloads\windows-driver-samples-master\windows-driver-samples-master\hid\vhidmini2\driver\umdf2\x64\debug\vhidminium.tlog\inf2cat-expand.14712.write.1.tlog
c:\users\duane\downloads\windows-driver-samples-master\windows-driver-samples-master\hid\vhidmini2\driver\umdf2\x64\debug\vhidminium.tlog\inf2cat-expand.1484.read.1.tlog
c:\users\duane\downloads\windows-driver-samples-master\windows-driver-samples-master\hid\vhidmini2\driver\umdf2\x64\debug\vhidminium.tlog\inf2cat-expand.1484.write.1.tlog
c:\users\duane\downloads\windows-driver-samples-master\windows-driver-samples-master\hid\vhidmini2\driver\umdf2\x64\debug\vhidminium.tlog\inf2cat-expand.14908.read.1.tlog
c:\users\duane\downloads\windows-driver-samples-master\windows-driver-samples-master\hid\vhidmini2\driver\umdf2\x64\debug\vhidminium.tlog\inf2cat-expand.14908.write.1.tlog
c:\users\duane\downloads\windows-driver-samples-master\windows-driver-samples-master\hid\vhidmini2\driver\umdf2\x64\debug\vhidminium.tlog\inf2cat-expand.15144.read.1.tlog
c:\users\duane\downloads\windows-driver-samples-master\windows-driver-samples-master\hid\vhidmini2\driver\umdf2\x64\debug\vhidminium.tlog\inf2cat-expand.15144.write.1.tlog
c:\users\duane\downloads\windows-driver-samples-master\windows-driver-samples-master\hid\vhidmini2\driver\umdf2\x64\debug\vhidminium.tlog\inf2cat-expand.15156.read.1.tlog
c:\users\duane\downloads\windows-driver-samples-master\windows-driver-samples-master\hid\vhidmini2\driver\umdf2\x64\debug\vhidminium.tlog\inf2cat-expand.15156.write.1.tlog
c:\users\duane\downloads\windows-driver-samples-master\windows-driver-samples-master\hid\vhidmini2\driver\umdf2\x64\debug\vhidminium.tlog\inf2cat-expand.15172.read.1.tlog
c:\users\duane\downloads\windows-driver-samples-master\windows-driver-samples-master\hid\vhidmini2\driver\umdf2\x64\debug\vhidminium.tlog\inf2cat-expand.15172.write.1.tlog
c:\users\duane\downloads\windows-driver-samples-master\windows-driver-samples-master\hid\vhidmini2\driver\umdf2\x64\debug\vhidminium.tlog\inf2cat-expand.15304.read.1.tlog
c:\users\duane\downloads\windows-driver-samples-master\windows-driver-samples-master\hid\vhidmini2\driver\umdf2\x64\debug\vhidminium.tlog\inf2cat-expand.15304.write.1.tlog
c:\users\duane\downloads\windows-driver-samples-master\windows-driver-samples-master\hid\vhidmini2\driver\umdf2\x64\debug\vhidminium.tlog\inf2cat-expand.1536.read.1.tlog
c:\users\duane\downloads\windows-driver-samples-master\windows-driver-samples-master\hid\vhidmini2\driver\umdf2\x64\debug\vhidminium.tlog\inf2cat-expand.1536.write.1.tlog
c:\users\duane\downloads\windows-driver-samples-master\windows-driver-samples-master\hid\vhidmini2\driver\umdf2\x64\debug\vhidminium.tlog\inf2cat-expand.15388.read.1.tlog
c:\users\duane\downloads\windows-driver-samples-master\windows-driver-samples-master\hid\vhidmini2\driver\umdf2\x64\debug\vhidminium.tlog\inf2cat-expand.15388.write.1.tlog
c:\users\duane\downloads\windows-driver-samples-master\windows-driver-samples-master\hid\vhidmini2\driver\umdf2\x64\debug\vhidminium.tlog\inf2cat-expand.15428.read.1.tlog
c:\users\duane\downloads\windows-driver-samples-master\windows-driver-samples-master\hid\vhidmini2\driver\umdf2\x64\debug\vhidminium.tlog\inf2cat-expand.15428.write.1.tlog
c:\users\duane\downloads\windows-driver-samples-master\windows-driver-samples-master\hid\vhidmini2\driver\umdf2\x64\debug\vhidminium.tlog\inf2cat-expand.15644.read.1.tlog
c:\users\duane\downloads\windows-driver-samples-master\windows-driver-samples-master\hid\vhidmini2\driver\umdf2\x64\debug\vhidminium.tlog\inf2cat-expand.15644.write.1.tlog
c:\users\duane\downloads\windows-driver-samples-master\windows-driver-samples-master\hid\vhidmini2\driver\umdf2\x64\debug\vhidminium.tlog\inf2cat-expand.15668.read.1.tlog
c:\users\duane\downloads\windows-driver-samples-master\windows-driver-samples-master\hid\vhidmini2\driver\umdf2\x64\debug\vhidminium.tlog\inf2cat-expand.15668.write.1.tlog
c:\users\duane\downloads\windows-driver-samples-master\windows-driver-samples-master\hid\vhidmini2\driver\umdf2\x64\debug\vhidminium.tlog\inf2cat-expand.16424.read.1.tlog
c:\users\duane\downloads\windows-driver-samples-master\windows-driver-samples-master\hid\vhidmini2\driver\umdf2\x64\debug\vhidminium.tlog\inf2cat-expand.16424.write.1.tlog
c:\users\duane\downloads\windows-driver-samples-master\windows-driver-samples-master\hid\vhidmini2\driver\umdf2\x64\debug\vhidminium.tlog\inf2cat-expand.16464.read.1.tlog
c:\users\duane\downloads\windows-driver-samples-master\windows-driver-samples-master\hid\vhidmini2\driver\umdf2\x64\debug\vhidminium.tlog\inf2cat-expand.16464.write.1.tlog
c:\users\duane\downloads\windows-driver-samples-master\windows-driver-samples-master\hid\vhidmini2\driver\umdf2\x64\debug\vhidminium.tlog\inf2cat-expand.16688.read.1.tlog
c:\users\duane\downloads\windows-driver-samples-master\windows-driver-samples-master\hid\vhidmini2\driver\umdf2\x64\debug\vhidminium.tlog\inf2cat-expand.16688.write.1.tlog
c:\users\duane\downloads\windows-driver-samples-master\windows-driver-samples-master\hid\vhidmini2\driver\umdf2\x64\debug\vhidminium.tlog\inf2cat-expand.16780.read.1.tlog
c:\users\duane\downloads\windows-driver-samples-master\windows-driver-samples-master\hid\vhidmini2\driver\umdf2\x64\debug\vhidminium.tlog\inf2cat-expand.16780.write.1.tlog
c:\users\duane\downloads\windows-driver-samples-master\windows-driver-samples-master\hid\vhidmini2\driver\umdf2\x64\debug\vhidminium.tlog\inf2cat-expand.17176.read.1.tlog
c:\users\duane\downloads\windows-driver-samples-master\windows-driver-samples-master\hid\vhidmini2\driver\umdf2\x64\debug\vhidminium.tlog\inf2cat-expand.17176.write.1.tlog
c:\users\duane\downloads\windows-driver-samples-master\windows-driver-samples-master\hid\vhidmini2\driver\umdf2\x64\debug\vhidminium.tlog\inf2cat-expand.17236.read.1.tlog
c:\users\duane\downloads\windows-driver-samples-master\windows-driver-samples-master\hid\vhidmini2\driver\umdf2\x64\debug\vhidminium.tlog\inf2cat-expand.17236.write.1.tlog
c:\users\duane\downloads\windows-driver-samples-master\windows-driver-samples-master\hid\vhidmini2\driver\umdf2\x64\debug\vhidminium.tlog\inf2cat-expand.17244.read.1.tlog
c:\users\duane\downloads\windows-driver-samples-master\windows-driver-samples-master\hid\vhidmini2\driver\umdf2\x64\debug\vhidminium.tlog\inf2cat-expand.17244.write.1.tlog
c:\users\duane\downloads\windows-driver-samples-master\windows-driver-samples-master\hid\vhidmini2\driver\umdf2\x64\debug\vhidminium.tlog\inf2cat-expand.17292.read.1.tlog
c:\users\duane\downloads\windows-driver-samples-master\windows-driver-samples-master\hid\vhidmini2\driver\umdf2\x64\debug\vhidminium.tlog\inf2cat-expand.17292.write.1.tlog
c:\users\duane\downloads\windows-driver-samples-master\windows-driver-samples-master\hid\vhidmini2\driver\umdf2\x64\debug\vhidminium.tlog\inf2cat-expand.17744.read.1.tlog
c:\users\duane\downloads\windows-driver-samples-master\windows-driver-samples-master\hid\vhidmini2\driver\umdf2\x64\debug\vhidminium.tlog\inf2cat-expand.17744.write.1.tlog
c:\users\duane\downloads\windows-driver-samples-master\windows-driver-samples-master\hid\vhidmini2\driver\umdf2\x64\debug\vhidminium.tlog\inf2cat-expand.17824.read.1.tlog
c:\users\duane\downloads\windows-driver-samples-master\windows-driver-samples-master\hid\vhidmini2\driver\umdf2\x64\debug\vhidminium.tlog\inf2cat-expand.17824.write.1.tlog
c:\users\duane\downloads\windows-driver-samples-master\windows-driver-samples-master\hid\vhidmini2\driver\umdf2\x64\debug\vhidminium.tlog\inf2cat-expand.17844.read.1.tlog
c:\users\duane\downloads\windows-driver-samples-master\windows-driver-samples-master\hid\vhidmini2\driver\umdf2\x64\debug\vhidminium.tlog\inf2cat-expand.17844.write.1.tlog
c:\users\duane\downloads\windows-driver-samples-master\windows-driver-samples-master\hid\vhidmini2\driver\umdf2\x64\debug\vhidminium.tlog\inf2cat-expand.18120.read.1.tlog
c:\users\duane\downloads\windows-driver-samples-master\windows-driver-samples-master\hid\vhidmini2\driver\umdf2\x64\debug\vhidminium.tlog\inf2cat-expand.18120.write.1.tlog
c:\users\duane\downloads\windows-driver-samples-master\windows-driver-samples-master\hid\vhidmini2\driver\umdf2\x64\debug\vhidminium.tlog\inf2cat-expand.18220.read.1.tlog
c:\users\duane\downloads\windows-driver-samples-master\windows-driver-samples-master\hid\vhidmini2\driver\umdf2\x64\debug\vhidminium.tlog\inf2cat-expand.18220.write.1.tlog
c:\users\duane\downloads\windows-driver-samples-master\windows-driver-samples-master\hid\vhidmini2\driver\umdf2\x64\debug\vhidminium.tlog\inf2cat-expand.18276.read.1.tlog
c:\users\duane\downloads\windows-driver-samples-master\windows-driver-samples-master\hid\vhidmini2\driver\umdf2\x64\debug\vhidminium.tlog\inf2cat-expand.18276.write.1.tlog
c:\users\duane\downloads\windows-driver-samples-master\windows-driver-samples-master\hid\vhidmini2\driver\umdf2\x64\debug\vhidminium.tlog\inf2cat-expand.18404.read.1.tlog
c:\users\duane\downloads\windows-driver-samples-master\windows-driver-samples-master\hid\vhidmini2\driver\umdf2\x64\debug\vhidminium.tlog\inf2cat-expand.18404.write.1.tlog
c:\users\duane\downloads\windows-driver-samples-master\windows-driver-samples-master\hid\vhidmini2\driver\umdf2\x64\debug\vhidminium.tlog\inf2cat-expand.2308.read.1.tlog
c:\users\duane\downloads\windows-driver-samples-master\windows-driver-samples-master\hid\vhidmini2\driver\umdf2\x64\debug\vhidminium.tlog\inf2cat-expand.2308.write.1.tlog
c:\users\duane\downloads\windows-driver-samples-master\windows-driver-samples-master\hid\vhidmini2\driver\umdf2\x64\debug\vhidminium.tlog\inf2cat-expand.3592.read.1.tlog
c:\users\duane\downloads\windows-driver-samples-master\windows-driver-samples-master\hid\vhidmini2\driver\umdf2\x64\debug\vhidminium.tlog\inf2cat-expand.3592.write.1.tlog
c:\users\duane\downloads\windows-driver-samples-master\windows-driver-samples-master\hid\vhidmini2\driver\umdf2\x64\debug\vhidminium.tlog\inf2cat-expand.368.read.1.tlog
c:\users\duane\downloads\windows-driver-samples-master\windows-driver-samples-master\hid\vhidmini2\driver\umdf2\x64\debug\vhidminium.tlog\inf2cat-expand.368.write.1.tlog
c:\users\duane\downloads\windows-driver-samples-master\windows-driver-samples-master\hid\vhidmini2\driver\umdf2\x64\debug\vhidminium.tlog\inf2cat-expand.4352.read.1.tlog
c:\users\duane\downloads\windows-driver-samples-master\windows-driver-samples-master\hid\vhidmini2\driver\umdf2\x64\debug\vhidminium.tlog\inf2cat-expand.4352.write.1.tlog
c:\users\duane\downloads\windows-driver-samples-master\windows-driver-samples-master\hid\vhidmini2\driver\umdf2\x64\debug\vhidminium.tlog\inf2cat-expand.4448.read.1.tlog
c:\users\duane\downloads\windows-driver-samples-master\windows-driver-samples-master\hid\vhidmini2\driver\umdf2\x64\debug\vhidminium.tlog\inf2cat-expand.4448.write.1.tlog
c:\users\duane\downloads\windows-driver-samples-master\windows-driver-samples-master\hid\vhidmini2\driver\umdf2\x64\debug\vhidminium.tlog\inf2cat-expand.4488.read.1.tlog
c:\users\duane\downloads\windows-driver-samples-master\windows-driver-samples-master\hid\vhidmini2\driver\umdf2\x64\debug\vhidminium.tlog\inf2cat-expand.4488.write.1.tlog
c:\users\duane\downloads\windows-driver-samples-master\windows-driver-samples-master\hid\vhidmini2\driver\umdf2\x64\debug\vhidminium.tlog\inf2cat-expand.4548.read.1.tlog
c:\users\duane\downloads\windows-driver-samples-master\windows-driver-samples-master\hid\vhidmini2\driver\umdf2\x64\debug\vhidminium.tlog\inf2cat-expand.4548.write.1.tlog
c:\users\duane\downloads\windows-driver-samples-master\windows-driver-samples-master\hid\vhidmini2\driver\umdf2\x64\debug\vhidminium.tlog\inf2cat-expand.4592.read.1.tlog
c:\users\duane\downloads\windows-driver-samples-master\windows-driver-samples-master\hid\vhidmini2\driver\umdf2\x64\debug\vhidminium.tlog\inf2cat-expand.4592.write.1.tlog
c:\users\duane\downloads\windows-driver-samples-master\windows-driver-samples-master\hid\vhidmini2\driver\umdf2\x64\debug\vhidminium.tlog\inf2cat-expand.4668.read.1.tlog
c:\users\duane\downloads\windows-driver-samples-master\windows-driver-samples-master\hid\vhidmini2\driver\umdf2\x64\debug\vhidminium.tlog\inf2cat-expand.4668.write.1.tlog
c:\users\duane\downloads\windows-driver-samples-master\windows-driver-samples-master\hid\vhidmini2\driver\umdf2\x64\debug\vhidminium.tlog\inf2cat-expand.4744.read.1.tlog
c:\users\duane\downloads\windows-driver-samples-master\windows-driver-samples-master\hid\vhidmini2\driver\umdf2\x64\debug\vhidminium.tlog\inf2cat-expand.4744.write.1.tlog
c:\users\duane\downloads\windows-driver-samples-master\windows-driver-samples-master\hid\vhidmini2\driver\umdf2\x64\debug\vhidminium.tlog\inf2cat-expand.5016.read.1.tlog
c:\users\duane\downloads\windows-driver-samples-master\windows-driver-samples-master\hid\vhidmini2\driver\umdf2\x64\debug\vhidminium.tlog\inf2cat-expand.5016.write.1.tlog
c:\users\duane\downloads\windows-driver-samples-master\windows-driver-samples-master\hid\vhidmini2\driver\umdf2\x64\debug\vhidminium.tlog\inf2cat-expand.5496.read.1.tlog
c:\users\duane\downloads\windows-driver-samples-master\windows-driver-samples-master\hid\vhidmini2\driver\umdf2\x64\debug\vhidminium.tlog\inf2cat-expand.5496.write.1.tlog
c:\users\duane\downloads\windows-driver-samples-master\windows-driver-samples-master\hid\vhidmini2\driver\umdf2\x64\debug\vhidminium.tlog\inf2cat-expand.5820.read.1.tlog
c:\users\duane\downloads\windows-driver-samples-master\windows-driver-samples-master\hid\vhidmini2\driver\umdf2\x64\debug\vhidminium.tlog\inf2cat-expand.5820.write.1.tlog
c:\users\duane\downloads\windows-driver-samples-master\windows-driver-samples-master\hid\vhidmini2\driver\umdf2\x64\debug\vhidminium.tlog\inf2cat-expand.5824.read.1.tlog
c:\users\duane\downloads\windows-driver-samples-master\windows-driver-samples-master\hid\vhidmini2\driver\umdf2\x64\debug\vhidminium.tlog\inf2cat-expand.5824.write.1.tlog
c:\users\duane\downloads\windows-driver-samples-master\windows-driver-samples-master\hid\vhidmini2\driver\umdf2\x64\debug\vhidminium.tlog\inf2cat-expand.5864.read.1.tlog
c:\users\duane\downloads\windows-driver-samples-master\windows-driver-samples-master\hid\vhidmini2\driver\umdf2\x64\debug\vhidminium.tlog\inf2cat-expand.5864.write.1.tlog
c:\users\duane\downloads\windows-driver-samples-master\windows-driver-samples-master\hid\vhidmini2\driver\umdf2\x64\debug\vhidminium.tlog\inf2cat-expand.6036.read.1.tlog
c:\users\duane\downloads\windows-driver-samples-master\windows-driver-samples-master\hid\vhidmini2\driver\umdf2\x64\debug\vhidminium.tlog\inf2cat-expand.6036.write.1.tlog
c:\users\duane\downloads\windows-driver-samples-master\windows-driver-samples-master\hid\vhidmini2\driver\umdf2\x64\debug\vhidminium.tlog\inf2cat-expand.6064.read.1.tlog
c:\users\duane\downloads\windows-driver-samples-master\windows-driver-samples-master\hid\vhidmini2\driver\umdf2\x64\debug\vhidminium.tlog\inf2cat-expand.6064.write.1.tlog
c:\users\duane\downloads\windows-driver-samples-master\windows-driver-samples-master\hid\vhidmini2\driver\umdf2\x64\debug\vhidminium.tlog\inf2cat-expand.6436.read.1.tlog
c:\users\duane\downloads\windows-driver-samples-master\windows-driver-samples-master\hid\vhidmini2\driver\umdf2\x64\debug\vhidminium.tlog\inf2cat-expand.6436.write.1.tlog
c:\users\duane\downloads\windows-driver-samples-master\windows-driver-samples-master\hid\vhidmini2\driver\umdf2\x64\debug\vhidminium.tlog\inf2cat-expand.6500.read.1.tlog
c:\users\duane\downloads\windows-driver-samples-master\windows-driver-samples-master\hid\vhidmini2\driver\umdf2\x64\debug\vhidminium.tlog\inf2cat-expand.6500.write.1.tlog
c:\users\duane\downloads\windows-driver-samples-master\windows-driver-samples-master\hid\vhidmini2\driver\umdf2\x64\debug\vhidminium.tlog\inf2cat-expand.6504.read.1.tlog
c:\users\duane\downloads\windows-driver-samples-master\windows-driver-samples-master\hid\vhidmini2\driver\umdf2\x64\debug\vhidminium.tlog\inf2cat-expand.6504.write.1.tlog
c:\users\duane\downloads\windows-driver-samples-master\windows-driver-samples-master\hid\vhidmini2\driver\umdf2\x64\debug\vhidminium.tlog\inf2cat-expand.6544.read.1.tlog
c:\users\duane\downloads\windows-driver-samples-master\windows-driver-samples-master\hid\vhidmini2\driver\umdf2\x64\debug\vhidminium.tlog\inf2cat-expand.6544.write.1.tlog
c:\users\duane\downloads\windows-driver-samples-master\windows-driver-samples-master\hid\vhidmini2\driver\umdf2\x64\debug\vhidminium.tlog\inf2cat-expand.6596.read.1.tlog
c:\users\duane\downloads\windows-driver-samples-master\windows-driver-samples-master\hid\vhidmini2\driver\umdf2\x64\debug\vhidminium.tlog\inf2cat-expand.6596.write.1.tlog
c:\users\duane\downloads\windows-driver-samples-master\windows-driver-samples-master\hid\vhidmini2\driver\umdf2\x64\debug\vhidminium.tlog\inf2cat-expand.6632.read.1.tlog
c:\users\duane\downloads\windows-driver-samples-master\windows-driver-samples-master\hid\vhidmini2\driver\umdf2\x64\debug\vhidminium.tlog\inf2cat-expand.6632.write.1.tlog
c:\users\duane\downloads\windows-driver-samples-master\windows-driver-samples-master\hid\vhidmini2\driver\umdf2\x64\debug\vhidminium.tlog\inf2cat-expand.6636.read.1.tlog
c:\users\duane\downloads\windows-driver-samples-master\windows-driver-samples-master\hid\vhidmini2\driver\umdf2\x64\debug\vhidminium.tlog\inf2cat-expand.6636.write.1.tlog
c:\users\duane\downloads\windows-driver-samples-master\windows-driver-samples-master\hid\vhidmini2\driver\umdf2\x64\debug\vhidminium.tlog\inf2cat-expand.6744.read.1.tlog
c:\users\duane\downloads\windows-driver-samples-master\windows-driver-samples-master\hid\vhidmini2\driver\umdf2\x64\debug\vhidminium.tlog\inf2cat-expand.6744.write.1.tlog
c:\users\duane\downloads\windows-driver-samples-master\windows-driver-samples-master\hid\vhidmini2\driver\umdf2\x64\debug\vhidminium.tlog\inf2cat-expand.6832.read.1.tlog
c:\users\duane\downloads\windows-driver-samples-master\windows-driver-samples-master\hid\vhidmini2\driver\umdf2\x64\debug\vhidminium.tlog\inf2cat-expand.6832.write.1.tlog
c:\users\duane\downloads\windows-driver-samples-master\windows-driver-samples-master\hid\vhidmini2\driver\umdf2\x64\debug\vhidminium.tlog\inf2cat-expand.7000.read.1.tlog
c:\users\duane\downloads\windows-driver-samples-master\windows-driver-samples-master\hid\vhidmini2\driver\umdf2\x64\debug\vhidminium.tlog\inf2cat-expand.7000.write.1.tlog
c:\users\duane\downloads\windows-driver-samples-master\windows-driver-samples-master\hid\vhidmini2\driver\umdf2\x64\debug\vhidminium.tlog\inf2cat-expand.7096.read.1.tlog
c:\users\duane\downloads\windows-driver-samples-master\windows-driver-samples-master\hid\vhidmini2\driver\umdf2\x64\debug\vhidminium.tlog\inf2cat-expand.7096.write.1.tlog
c:\users\duane\downloads\windows-driver-samples-master\windows-driver-samples-master\hid\vhidmini2\driver\umdf2\x64\debug\vhidminium.tlog\inf2cat-expand.7412.read.1.tlog
c:\users\duane\downloads\windows-driver-samples-master\windows-driver-samples-master\hid\vhidmini2\driver\umdf2\x64\debug\vhidminium.tlog\inf2cat-expand.7412.write.1.tlog
c:\users\duane\downloads\windows-driver-samples-master\windows-driver-samples-master\hid\vhidmini2\driver\umdf2\x64\debug\vhidminium.tlog\inf2cat-expand.7860.read.1.tlog
c:\users\duane\downloads\windows-driver-samples-master\windows-driver-samples-master\hid\vhidmini2\driver\umdf2\x64\debug\vhidminium.tlog\inf2cat-expand.7860.write.1.tlog
c:\users\duane\downloads\windows-driver-samples-master\windows-driver-samples-master\hid\vhidmini2\driver\umdf2\x64\debug\vhidminium.tlog\inf2cat-expand.7940.read.1.tlog
c:\users\duane\downloads\windows-driver-samples-master\windows-driver-samples-master\hid\vhidmini2\driver\umdf2\x64\debug\vhidminium.tlog\inf2cat-expand.7940.write.1.tlog
c:\users\duane\downloads\windows-driver-samples-master\windows-driver-samples-master\hid\vhidmini2\driver\umdf2\x64\debug\vhidminium.tlog\inf2cat-expand.7952.read.1.tlog
c:\users\duane\downloads\windows-driver-samples-master\windows-driver-samples-master\hid\vhidmini2\driver\umdf2\x64\debug\vhidminium.tlog\inf2cat-expand.7952.write.1.tlog
c:\users\duane\downloads\windows-driver-samples-master\windows-driver-samples-master\hid\vhidmini2\driver\umdf2\x64\debug\vhidminium.tlog\inf2cat-expand.7992.read.1.tlog
c:\users\duane\downloads\windows-driver-samples-master\windows-driver-samples-master\hid\vhidmini2\driver\umdf2\x64\debug\vhidminium.tlog\inf2cat-expand.7992.write.1.tlog
c:\users\duane\downloads\windows-driver-samples-master\windows-driver-samples-master\hid\vhidmini2\driver\umdf2\x64\debug\vhidminium.tlog\inf2cat-expand.7996.read.1.tlog
c:\users\duane\downloads\windows-driver-samples-master\windows-driver-samples-master\hid\vhidmini2\driver\umdf2\x64\debug\vhidminium.tlog\inf2cat-expand.7996.write.1.tlog
c:\users\duane\downloads\windows-driver-samples-master\windows-driver-samples-master\hid\vhidmini2\driver\umdf2\x64\debug\vhidminium.tlog\inf2cat-expand.8224.read.1.tlog
c:\users\duane\downloads\windows-driver-samples-master\windows-driver-samples-master\hid\vhidmini2\driver\umdf2\x64\debug\vhidminium.tlog\inf2cat-expand.8224.write.1.tlog
c:\users\duane\downloads\windows-driver-samples-master\windows-driver-samples-master\hid\vhidmini2\driver\umdf2\x64\debug\vhidminium.tlog\inf2cat-expand.8308.read.1.tlog
c:\users\duane\downloads\windows-driver-samples-master\windows-driver-samples-master\hid\vhidmini2\driver\umdf2\x64\debug\vhidminium.tlog\inf2cat-expand.8308.write.1.tlog
c:\users\duane\downloads\windows-driver-samples-master\windows-driver-samples-master\hid\vhidmini2\driver\umdf2\x64\debug\vhidminium.tlog\inf2cat-expand.8460.read.1.tlog
c:\users\duane\downloads\windows-driver-samples-master\windows-driver-samples-master\hid\vhidmini2\driver\umdf2\x64\debug\vhidminium.tlog\inf2cat-expand.8460.write.1.tlog
c:\users\duane\downloads\windows-driver-samples-master\windows-driver-samples-master\hid\vhidmini2\driver\umdf2\x64\debug\vhidminium.tlog\inf2cat-expand.9116.read.1.tlog
c:\users\duane\downloads\windows-driver-samples-master\windows-driver-samples-master\hid\vhidmini2\driver\umdf2\x64\debug\vhidminium.tlog\inf2cat-expand.9116.write.1.tlog
c:\users\duane\downloads\windows-driver-samples-master\windows-driver-samples-master\hid\vhidmini2\driver\umdf2\x64\debug\vhidminium.tlog\inf2cat-expand.9260.read.1.tlog
c:\users\duane\downloads\windows-driver-samples-master\windows-driver-samples-master\hid\vhidmini2\driver\umdf2\x64\debug\vhidminium.tlog\inf2cat-expand.9260.write.1.tlog
c:\users\duane\downloads\windows-driver-samples-master\windows-driver-samples-master\hid\vhidmini2\driver\umdf2\x64\debug\vhidminium.tlog\inf2cat-expand.9320.read.1.tlog
c:\users\duane\downloads\windows-driver-samples-master\windows-driver-samples-master\hid\vhidmini2\driver\umdf2\x64\debug\vhidminium.tlog\inf2cat-expand.9320.write.1.tlog
c:\users\duane\downloads\windows-driver-samples-master\windows-driver-samples-master\hid\vhidmini2\driver\umdf2\x64\debug\vhidminium.tlog\inf2cat-expand.9412.read.1.tlog
c:\users\duane\downloads\windows-driver-samples-master\windows-driver-samples-master\hid\vhidmini2\driver\umdf2\x64\debug\vhidminium.tlog\inf2cat-expand.9412.write.1.tlog
c:\users\duane\downloads\windows-driver-samples-master\windows-driver-samples-master\hid\vhidmini2\driver\umdf2\x64\debug\vhidminium.tlog\inf2cat-expand.9424.read.1.tlog
c:\users\duane\downloads\windows-driver-samples-master\windows-driver-samples-master\hid\vhidmini2\driver\umdf2\x64\debug\vhidminium.tlog\inf2cat-expand.9424.write.1.tlog
c:\users\duane\downloads\windows-driver-samples-master\windows-driver-samples-master\hid\vhidmini2\driver\umdf2\x64\debug\vhidminium.tlog\inf2cat-expand.9464.read.1.tlog
c:\users\duane\downloads\windows-driver-samples-master\windows-driver-samples-master\hid\vhidmini2\driver\umdf2\x64\debug\vhidminium.tlog\inf2cat-expand.9464.write.1.tlog
c:\users\duane\downloads\windows-driver-samples-master\windows-driver-samples-master\hid\vhidmini2\driver\umdf2\x64\debug\vhidminium.tlog\inf2cat-expand.9480.read.1.tlog
c:\users\duane\downloads\windows-driver-samples-master\windows-driver-samples-master\hid\vhidmini2\driver\umdf2\x64\debug\vhidminium.tlog\inf2cat-expand.9480.write.1.tlog
c:\users\duane\downloads\windows-driver-samples-master\windows-driver-samples-master\hid\vhidmini2\driver\umdf2\x64\debug\vhidminium.tlog\inf2cat-expand.9660.read.1.tlog
c:\users\duane\downloads\windows-driver-samples-master\windows-driver-samples-master\hid\vhidmini2\driver\umdf2\x64\debug\vhidminium.tlog\inf2cat-expand.9660.write.1.tlog
c:\users\duane\downloads\windows-driver-samples-master\windows-driver-samples-master\hid\vhidmini2\driver\umdf2\x64\debug\vhidminium.tlog\inf2cat-expand.9712.read.1.tlog
c:\users\duane\downloads\windows-driver-samples-master\windows-driver-samples-master\hid\vhidmini2\driver\umdf2\x64\debug\vhidminium.tlog\inf2cat-expand.9712.write.1.tlog
c:\users\duane\downloads\windows-driver-samples-master\windows-driver-samples-master\hid\vhidmini2\driver\umdf2\x64\debug\vhidminium.tlog\inf2cat-expand.9964.read.1.tlog
c:\users\duane\downloads\windows-driver-samples-master\windows-driver-samples-master\hid\vhidmini2\driver\umdf2\x64\debug\vhidminium.tlog\inf2cat-expand.9964.write.1.tlog
c:\users\duane\downloads\windows-driver-samples-master\windows-driver-samples-master\hid\vhidmini2\driver\umdf2\x64\debug\vhidminium.tlog\inf2cat-expand.read.1.tlog
c:\users\duane\downloads\windows-driver-samples-master\windows-driver-samples-master\hid\vhidmini2\driver\umdf2\x64\debug\vhidminium.tlog\inf2cat-expand.write.1.tlog
c:\users\duane\downloads\windows-driver-samples-master\windows-driver-samples-master\hid\vhidmini2\driver\umdf2\x64\debug\vhidminium.tlog\inf2cat.command.1.tlog
c:\users\duane\downloads\windows-driver-samples-master\windows-driver-samples-master\hid\vhidmini2\driver\umdf2\x64\debug\vhidminium.tlog\inf2cat.read.1.tlog
c:\users\duane\downloads\windows-driver-samples-master\windows-driver-samples-master\hid\vhidmini2\driver\umdf2\x64\debug\vhidminium.tlog\inf2cat.read.8.tlog
c:\users\duane\downloads\windows-driver-samples-master\windows-driver-samples-master\hid\vhidmini2\driver\umdf2\x64\debug\vhidminium.tlog\inf2cat.write.1.tlog
c:\users\duane\downloads\windows-driver-samples-master\windows-driver-samples-master\hid\vhidmini2\driver\umdf2\x64\debug\vhidminium.tlog\inf2cat.write.8.tlog
c:\users\duane\downloads\windows-driver-samples-master\windows-driver-samples-master\hid\vhidmini2\driver\umdf2\x64\debug\vhidminium.tlog\link.command.1.tlog
c:\users\duane\downloads\windows-driver-samples-master\windows-driver-samples-master\hid\vhidmini2\driver\umdf2\x64\debug\vhidminium.tlog\link.read.1.tlog
c:\users\duane\downloads\windows-driver-samples-master\windows-driver-samples-master\hid\vhidmini2\driver\umdf2\x64\debug\vhidminium.tlog\link.write.1.tlog
c:\users\duane\downloads\windows-driver-samples-master\windows-driver-samples-master\hid\vhidmini2\driver\umdf2\x64\debug\vhidminium.tlog\rc.command.1.tlog
c:\users\duane\downloads\windows-driver-samples-master\windows-driver-samples-master\hid\vhidmini2\driver\umdf2\x64\debug\vhidminium.tlog\rc.read.1.tlog
c:\users\duane\downloads\windows-driver-samples-master\windows-driver-samples-master\hid\vhidmini2\driver\umdf2\x64\debug\vhidminium.tlog\rc.write.1.tlog
c:\users\duane\downloads\windows-driver-samples-master\windows-driver-samples-master\hid\vhidmini2\driver\umdf2\x64\debug\vhidminium.tlog\signtool.command.1.tlog
c:\users\duane\downloads\windows-driver-samples-master\windows-driver-samples-master\hid\vhidmini2\driver\umdf2\x64\debug\vhidminium.tlog\signtool.read.1.tlog
c:\users\duane\downloads\windows-driver-samples-master\windows-driver-samples-master\hid\vhidmini2\driver\umdf2\x64\debug\vhidminium.tlog\signtool.timestamp.1.tlog
c:\users\duane\downloads\windows-driver-samples-master\windows-driver-samples-master\hid\vhidmini2\driver\umdf2\x64\debug\vhidminium.tlog\signtool.write.1.tlog
c:\users\duane\downloads\windows-driver-samples-master\windows-driver-samples-master\hid\vhidmini2\driver\umdf2\x64\debug\vhidminium.tlog\stampinf.command.1.tlog
c:\users\duane\downloads\windows-driver-samples-master\windows-driver-samples-master\hid\vhidmini2\driver\umdf2\x64\debug\vhidminium.tlog\stampinf.read.1.tlog
c:\users\duane\downloads\windows-driver-samples-master\windows-driver-samples-master\hid\vhidmini2\driver\umdf2\x64\debug\vhidminium.tlog\stampinf.write.1.tlog
c:\users\duane\downloads\windows-driver-samples-master\windows-driver-samples-master\hid\vhidmini2\driver\umdf2\x64\debug\vhidminium.tlog\vhidminium.write.1u.tlog
