c:\users\duane\downloads\windows-driver-samples-master\windows-driver-samples-master\hid\vhidmini2\driver\umdf2\debug\vc140.pdb
c:\users\duane\downloads\windows-driver-samples-master\windows-driver-samples-master\hid\vhidmini2\driver\umdf2\debug\util.obj
c:\users\duane\downloads\windows-driver-samples-master\windows-driver-samples-master\hid\vhidmini2\driver\umdf2\debug\vhidmini.obj
c:\users\duane\downloads\windows-driver-samples-master\windows-driver-samples-master\hid\vhidmini2\driver\umdf2\debug\vhidminium\wudf.cat
c:\users\duane\downloads\windows-driver-samples-master\windows-driver-samples-master\hid\vhidmini2\driver\umdf2\debug\vhidminium.dll
c:\users\duane\downloads\windows-driver-samples-master\windows-driver-samples-master\hid\vhidmini2\driver\umdf2\debug\vhidminium.pdb
c:\users\duane\downloads\windows-driver-samples-master\windows-driver-samples-master\hid\vhidmini2\driver\umdf2\debug\vhidmini.res
c:\users\duane\downloads\windows-driver-samples-master\windows-driver-samples-master\hid\vhidmini2\driver\umdf2\debug\vhidminium.inf
c:\users\duane\downloads\windows-driver-samples-master\windows-driver-samples-master\hid\vhidmini2\driver\umdf2\debug\vhidminium.lib
c:\users\duane\downloads\windows-driver-samples-master\windows-driver-samples-master\hid\vhidmini2\driver\umdf2\debug\vhidminium.exp
c:\users\duane\downloads\windows-driver-samples-master\windows-driver-samples-master\hid\vhidmini2\driver\umdf2\debug\vhidminium.tlog\cl.command.1.tlog
c:\users\duane\downloads\windows-driver-samples-master\windows-driver-samples-master\hid\vhidmini2\driver\umdf2\debug\vhidminium.tlog\cl.read.1.tlog
c:\users\duane\downloads\windows-driver-samples-master\windows-driver-samples-master\hid\vhidmini2\driver\umdf2\debug\vhidminium.tlog\cl.write.1.tlog
c:\users\duane\downloads\windows-driver-samples-master\windows-driver-samples-master\hid\vhidmini2\driver\umdf2\debug\vhidminium.tlog\inf2cat-expand.9700.read.1.tlog
c:\users\duane\downloads\windows-driver-samples-master\windows-driver-samples-master\hid\vhidmini2\driver\umdf2\debug\vhidminium.tlog\inf2cat-expand.9700.write.1.tlog
c:\users\duane\downloads\windows-driver-samples-master\windows-driver-samples-master\hid\vhidmini2\driver\umdf2\debug\vhidminium.tlog\inf2cat-expand.read.1.tlog
c:\users\duane\downloads\windows-driver-samples-master\windows-driver-samples-master\hid\vhidmini2\driver\umdf2\debug\vhidminium.tlog\inf2cat-expand.write.1.tlog
c:\users\duane\downloads\windows-driver-samples-master\windows-driver-samples-master\hid\vhidmini2\driver\umdf2\debug\vhidminium.tlog\inf2cat.command.1.tlog
c:\users\duane\downloads\windows-driver-samples-master\windows-driver-samples-master\hid\vhidmini2\driver\umdf2\debug\vhidminium.tlog\inf2cat.read.1.tlog
c:\users\duane\downloads\windows-driver-samples-master\windows-driver-samples-master\hid\vhidmini2\driver\umdf2\debug\vhidminium.tlog\inf2cat.write.1.tlog
c:\users\duane\downloads\windows-driver-samples-master\windows-driver-samples-master\hid\vhidmini2\driver\umdf2\debug\vhidminium.tlog\link.command.1.tlog
c:\users\duane\downloads\windows-driver-samples-master\windows-driver-samples-master\hid\vhidmini2\driver\umdf2\debug\vhidminium.tlog\link.read.1.tlog
c:\users\duane\downloads\windows-driver-samples-master\windows-driver-samples-master\hid\vhidmini2\driver\umdf2\debug\vhidminium.tlog\link.write.1.tlog
c:\users\duane\downloads\windows-driver-samples-master\windows-driver-samples-master\hid\vhidmini2\driver\umdf2\debug\vhidminium.tlog\rc.command.1.tlog
c:\users\duane\downloads\windows-driver-samples-master\windows-driver-samples-master\hid\vhidmini2\driver\umdf2\debug\vhidminium.tlog\rc.read.1.tlog
c:\users\duane\downloads\windows-driver-samples-master\windows-driver-samples-master\hid\vhidmini2\driver\umdf2\debug\vhidminium.tlog\rc.write.1.tlog
c:\users\duane\downloads\windows-driver-samples-master\windows-driver-samples-master\hid\vhidmini2\driver\umdf2\debug\vhidminium.tlog\signtool.command.1.tlog
c:\users\duane\downloads\windows-driver-samples-master\windows-driver-samples-master\hid\vhidmini2\driver\umdf2\debug\vhidminium.tlog\signtool.read.1.tlog
c:\users\duane\downloads\windows-driver-samples-master\windows-driver-samples-master\hid\vhidmini2\driver\umdf2\debug\vhidminium.tlog\signtool.timestamp.1.tlog
c:\users\duane\downloads\windows-driver-samples-master\windows-driver-samples-master\hid\vhidmini2\driver\umdf2\debug\vhidminium.tlog\signtool.write.1.tlog
c:\users\duane\downloads\windows-driver-samples-master\windows-driver-samples-master\hid\vhidmini2\driver\umdf2\debug\vhidminium.tlog\stampinf.command.1.tlog
c:\users\duane\downloads\windows-driver-samples-master\windows-driver-samples-master\hid\vhidmini2\driver\umdf2\debug\vhidminium.tlog\stampinf.read.1.tlog
c:\users\duane\downloads\windows-driver-samples-master\windows-driver-samples-master\hid\vhidmini2\driver\umdf2\debug\vhidminium.tlog\stampinf.write.1.tlog
c:\users\duane\downloads\windows-driver-samples-master\windows-driver-samples-master\hid\vhidmini2\driver\umdf2\debug\vhidminium.tlog\vhidminium.write.1u.tlog
