c:\users\duane\downloads\windows-driver-samples-master\windows-driver-samples-master\hid\vhidmini2\driver\kmdf\x64\debug\vc140.pdb
c:\users\duane\downloads\windows-driver-samples-master\windows-driver-samples-master\hid\vhidmini2\driver\kmdf\x64\debug\util.obj
c:\users\duane\downloads\windows-driver-samples-master\windows-driver-samples-master\hid\vhidmini2\driver\kmdf\x64\debug\vhidmini.obj
c:\users\duane\downloads\windows-driver-samples-master\windows-driver-samples-master\hid\vhidmini2\driver\kmdf\x64\debug\vhidmini\wudf.cat
c:\users\duane\downloads\windows-driver-samples-master\windows-driver-samples-master\hid\vhidmini2\driver\kmdf\x64\debug\vhidmini.res
c:\users\duane\downloads\windows-driver-samples-master\windows-driver-samples-master\hid\vhidmini2\driver\kmdf\x64\debug\vhidmini.sys
c:\users\duane\downloads\windows-driver-samples-master\windows-driver-samples-master\hid\vhidmini2\driver\kmdf\x64\debug\vhidmini.inf
c:\users\duane\downloads\windows-driver-samples-master\windows-driver-samples-master\hid\vhidmini2\driver\kmdf\x64\debug\vhidmini.pdb
c:\users\duane\downloads\windows-driver-samples-master\windows-driver-samples-master\hid\vhidmini2\driver\kmdf\x64\debug\vhidmini.tlog\cl.command.1.tlog
c:\users\duane\downloads\windows-driver-samples-master\windows-driver-samples-master\hid\vhidmini2\driver\kmdf\x64\debug\vhidmini.tlog\cl.read.1.tlog
c:\users\duane\downloads\windows-driver-samples-master\windows-driver-samples-master\hid\vhidmini2\driver\kmdf\x64\debug\vhidmini.tlog\cl.write.1.tlog
c:\users\duane\downloads\windows-driver-samples-master\windows-driver-samples-master\hid\vhidmini2\driver\kmdf\x64\debug\vhidmini.tlog\inf2cat-expand.6620.read.1.tlog
c:\users\duane\downloads\windows-driver-samples-master\windows-driver-samples-master\hid\vhidmini2\driver\kmdf\x64\debug\vhidmini.tlog\inf2cat-expand.6620.write.1.tlog
c:\users\duane\downloads\windows-driver-samples-master\windows-driver-samples-master\hid\vhidmini2\driver\kmdf\x64\debug\vhidmini.tlog\inf2cat-expand.7276.read.1.tlog
c:\users\duane\downloads\windows-driver-samples-master\windows-driver-samples-master\hid\vhidmini2\driver\kmdf\x64\debug\vhidmini.tlog\inf2cat-expand.7276.write.1.tlog
c:\users\duane\downloads\windows-driver-samples-master\windows-driver-samples-master\hid\vhidmini2\driver\kmdf\x64\debug\vhidmini.tlog\inf2cat-expand.read.1.tlog
c:\users\duane\downloads\windows-driver-samples-master\windows-driver-samples-master\hid\vhidmini2\driver\kmdf\x64\debug\vhidmini.tlog\inf2cat-expand.write.1.tlog
c:\users\duane\downloads\windows-driver-samples-master\windows-driver-samples-master\hid\vhidmini2\driver\kmdf\x64\debug\vhidmini.tlog\inf2cat.command.1.tlog
c:\users\duane\downloads\windows-driver-samples-master\windows-driver-samples-master\hid\vhidmini2\driver\kmdf\x64\debug\vhidmini.tlog\inf2cat.read.1.tlog
c:\users\duane\downloads\windows-driver-samples-master\windows-driver-samples-master\hid\vhidmini2\driver\kmdf\x64\debug\vhidmini.tlog\inf2cat.write.1.tlog
c:\users\duane\downloads\windows-driver-samples-master\windows-driver-samples-master\hid\vhidmini2\driver\kmdf\x64\debug\vhidmini.tlog\link-cvtres.read.1.tlog
c:\users\duane\downloads\windows-driver-samples-master\windows-driver-samples-master\hid\vhidmini2\driver\kmdf\x64\debug\vhidmini.tlog\link-cvtres.write.1.tlog
c:\users\duane\downloads\windows-driver-samples-master\windows-driver-samples-master\hid\vhidmini2\driver\kmdf\x64\debug\vhidmini.tlog\link.command.1.tlog
c:\users\duane\downloads\windows-driver-samples-master\windows-driver-samples-master\hid\vhidmini2\driver\kmdf\x64\debug\vhidmini.tlog\link.read.1.tlog
c:\users\duane\downloads\windows-driver-samples-master\windows-driver-samples-master\hid\vhidmini2\driver\kmdf\x64\debug\vhidmini.tlog\link.write.1.tlog
c:\users\duane\downloads\windows-driver-samples-master\windows-driver-samples-master\hid\vhidmini2\driver\kmdf\x64\debug\vhidmini.tlog\rc.command.1.tlog
c:\users\duane\downloads\windows-driver-samples-master\windows-driver-samples-master\hid\vhidmini2\driver\kmdf\x64\debug\vhidmini.tlog\rc.read.1.tlog
c:\users\duane\downloads\windows-driver-samples-master\windows-driver-samples-master\hid\vhidmini2\driver\kmdf\x64\debug\vhidmini.tlog\rc.write.1.tlog
c:\users\duane\downloads\windows-driver-samples-master\windows-driver-samples-master\hid\vhidmini2\driver\kmdf\x64\debug\vhidmini.tlog\signtool.command.1.tlog
c:\users\duane\downloads\windows-driver-samples-master\windows-driver-samples-master\hid\vhidmini2\driver\kmdf\x64\debug\vhidmini.tlog\signtool.read.1.tlog
c:\users\duane\downloads\windows-driver-samples-master\windows-driver-samples-master\hid\vhidmini2\driver\kmdf\x64\debug\vhidmini.tlog\signtool.timestamp.1.tlog
c:\users\duane\downloads\windows-driver-samples-master\windows-driver-samples-master\hid\vhidmini2\driver\kmdf\x64\debug\vhidmini.tlog\signtool.write.1.tlog
c:\users\duane\downloads\windows-driver-samples-master\windows-driver-samples-master\hid\vhidmini2\driver\kmdf\x64\debug\vhidmini.tlog\stampinf.command.1.tlog
c:\users\duane\downloads\windows-driver-samples-master\windows-driver-samples-master\hid\vhidmini2\driver\kmdf\x64\debug\vhidmini.tlog\stampinf.read.1.tlog
c:\users\duane\downloads\windows-driver-samples-master\windows-driver-samples-master\hid\vhidmini2\driver\kmdf\x64\debug\vhidmini.tlog\stampinf.write.1.tlog
